[10/06/2025 20:01:42] Enregistrement des raccourcis...
[10/06/2025 20:01:42] Raccourcis enregistrés avec succès !
[10/06/2025 20:01:42] Enregistrement des raccourcis...
[10/06/2025 20:01:42] Raccourcis enregistrés avec succès !
[10/06/2025 20:01:42] Début de la mise à jour du cache...
[10/06/2025 20:01:42] Recherche dans C:\Program Files...
[10/06/2025 20:01:42] Erreur lors de la recherche dans C:\Program Files: Access to the path 'C:\Program Files\Fichiers communs' is denied.
[10/06/2025 20:01:42] Recherche dans C:\Program Files (x86)...
[10/06/2025 20:01:42] Début de la mise à jour du cache...
[10/06/2025 20:01:42] Recherche dans C:\Program Files...
[10/06/2025 20:01:42] Erreur lors de la recherche dans C:\Program Files: Access to the path 'C:\Program Files\Fichiers communs' is denied.
[10/06/2025 20:01:42] Recherche dans C:\Program Files (x86)...
[10/06/2025 20:01:42] Fenêtre masquée.
[10/06/2025 20:01:42] Erreur lors de la recherche dans C:\Program Files: Access to the path 'C:\Program Files\Fichiers communs' is denied.
[10/06/2025 20:01:47] Recherche dans C:\Users\Perso\AppData\Local...
[10/06/2025 20:01:47] Recherche dans C:\Users\Perso\AppData\Local...
[10/06/2025 20:01:47] Erreur lors de la recherche dans C:\Users\Perso\AppData\Local: Access to the path 'C:\Users\Perso\AppData\Local\Application Data' is denied.
[10/06/2025 20:01:47] Erreur lors de la mise à jour du cache : The process cannot access the file 'D:\Projects\Scripts\RayCast\raycast.log' because it is being used by another process.
[10/06/2025 20:01:47] Erreur lors de la recherche dans C:\Users\Perso\AppData\Roaming: The process cannot access the file 'D:\Projects\Scripts\RayCast\raycast.log' because it is being used by another process.
[10/06/2025 20:01:47] Recherche dans C:\Users\Perso\Downloads...
[10/06/2025 20:01:51] 252 applications trouvées.
[10/06/2025 20:01:51] Recherche dans C:\Users\Perso\Desktop...
[10/06/2025 20:01:51] Cache mis à jour avec succès.
[10/06/2025 20:01:52] Fenêtre masquée.
[10/06/2025 20:01:52] Fenêtre masquée.
[10/06/2025 20:02:46] Message WM_HOTKEY reçu.
[10/06/2025 20:02:46] Message WM_HOTKEY reçu.
[10/06/2025 20:03:02] Message WM_HOTKEY reçu.
[10/06/2025 20:03:02] Message WM_HOTKEY reçu.
[10/06/2025 20:03:03] Message WM_HOTKEY reçu.
[10/06/2025 20:03:03] Message WM_HOTKEY reçu.
[10/06/2025 20:03:41] Message WM_HOTKEY reçu.
[10/06/2025 20:03:41] Message WM_HOTKEY reçu.
[10/06/2025 20:03:43] Message WM_HOTKEY reçu.
[10/06/2025 20:03:43] Message WM_HOTKEY reçu.
[10/06/2025 20:03:55] Enregistrement des raccourcis...
[10/06/2025 20:03:55] Raccourcis enregistrés avec succès !
[10/06/2025 20:03:55] Enregistrement des raccourcis...
[10/06/2025 20:03:55] Raccourcis enregistrés avec succès !
[10/06/2025 20:03:55] Début de la mise à jour du cache...
[10/06/2025 20:03:55] Recherche dans C:\Program Files...
[10/06/2025 20:03:55] Erreur lors de la recherche dans C:\Program Files: Access to the path 'C:\Program Files\Fichiers communs' is denied.
[10/06/2025 20:03:55] Recherche dans C:\Program Files (x86)...
[10/06/2025 20:03:55] Début de la mise à jour du cache...
[10/06/2025 20:03:55] Recherche dans C:\Program Files...
[10/06/2025 20:03:55] Erreur lors de la recherche dans C:\Program Files: Access to the path 'C:\Program Files\Fichiers communs' is denied.
[10/06/2025 20:03:55] Recherche dans C:\Program Files (x86)...
[10/06/2025 20:03:55] Erreur lors de la recherche dans C:\Program Files: Access to the path 'C:\Program Files\Fichiers communs' is denied.
[10/06/2025 20:03:55] Recherche dans C:\Users\Perso\AppData\Local...
[10/06/2025 20:03:55] Erreur lors de la recherche dans C:\Users\Perso\AppData\Local: Access to the path 'C:\Users\Perso\AppData\Local\Application Data' is denied.
[10/06/2025 20:03:55] Recherche dans C:\Users\Perso\AppData\Roaming...
[10/06/2025 20:03:55] Recherche dans C:\Users\Perso\AppData\Local...
[10/06/2025 20:03:55] Erreur lors de la recherche dans C:\Users\Perso\AppData\Local: Access to the path 'C:\Users\Perso\AppData\Local\Application Data' is denied.
[10/06/2025 20:03:55] Recherche dans C:\Users\Perso\AppData\Roaming...
[10/06/2025 20:03:56] 252 applications trouvées.
[10/06/2025 20:03:56] Erreur lors de la recherche dans C:\Users\Perso\AppData\Roaming: Access to the path 'C:\Users\Perso\AppData\Roaming\Microsoft\Windows\Start Menu\Programmes' is denied.
[10/06/2025 20:03:56] Recherche dans C:\Users\Perso\Downloads...
[10/06/2025 20:03:56] Erreur lors de la mise à jour du cache : The process cannot access the file 'D:\Projects\Scripts\RayCast\raycast.log' because it is being used by another process.
[10/06/2025 20:03:56] Recherche dans C:\Users\Perso\Desktop...
[10/06/2025 20:03:56] Cache mis à jour avec succès.
[10/06/2025 20:04:08] Fenêtre masquée.
[10/06/2025 20:04:08] Fenêtre masquée.
[10/06/2025 20:04:37] Message WM_HOTKEY reçu.
[10/06/2025 20:04:37] Message WM_HOTKEY reçu.
[10/06/2025 20:04:40] Sélection changée : 2
[10/06/2025 20:04:41] Sélection changée : -1
[10/06/2025 20:04:43] Fenêtre masquée.
[10/06/2025 20:04:43] Fenêtre masquée.
[10/06/2025 20:04:49] Message WM_HOTKEY reçu.
[10/06/2025 20:04:49] Message WM_HOTKEY reçu.
[10/06/2025 20:04:54] Sélection changée : 0
[10/06/2025 20:04:54] Sélection changée : -1
[10/06/2025 20:04:54] Fenêtre masquée.
[10/06/2025 20:04:54] Fenêtre masquée.
[10/06/2025 20:04:54] Fenêtre masquée.
[10/06/2025 20:08:07] Message WM_HOTKEY reçu.
[10/06/2025 20:08:07] Message WM_HOTKEY reçu.
[10/06/2025 20:08:09] Message WM_HOTKEY reçu.
[10/06/2025 20:08:09] Message WM_HOTKEY reçu.
[10/06/2025 20:25:12] Enregistrement des raccourcis...
[10/06/2025 20:25:12] Raccourcis enregistrés avec succès !
[10/06/2025 20:25:12] Enregistrement des raccourcis...
[10/06/2025 20:25:12] Raccourcis enregistrés avec succès !
[10/06/2025 20:25:12] Début de la mise à jour du cache...
[10/06/2025 20:25:12] Recherche dans C:\Program Files...
[10/06/2025 20:25:12] Erreur lors de la recherche dans C:\Program Files: Access to the path 'C:\Program Files\Fichiers communs' is denied.
[10/06/2025 20:25:12] Recherche dans C:\Program Files (x86)...
[10/06/2025 20:25:12] Début de la mise à jour du cache...
[10/06/2025 20:25:12] Recherche dans C:\Program Files...
[10/06/2025 20:25:12] Erreur lors de la recherche dans C:\Program Files: Access to the path 'C:\Program Files\Fichiers communs' is denied.
[10/06/2025 20:25:12] Recherche dans C:\Program Files (x86)...
[10/06/2025 20:25:12] Fenêtre masquée.
[10/06/2025 20:25:12] Erreur lors de la recherche dans C:\Program Files: Access to the path 'C:\Program Files\Fichiers communs' is denied.
[10/06/2025 20:25:13] Recherche dans C:\Users\Perso\AppData\Local...
[10/06/2025 20:25:13] Erreur lors de la mise à jour du cache : The process cannot access the file 'D:\Projects\Scripts\RayCast\raycast.log' because it is being used by another process.
[10/06/2025 20:25:13] Erreur lors de la recherche dans C:\Users\Perso\AppData\Local: Access to the path 'C:\Users\Perso\AppData\Local\Application Data' is denied.
[10/06/2025 20:25:13] Recherche dans C:\Users\Perso\AppData\Roaming...
[10/06/2025 20:25:13] 252 applications trouvées.
[10/06/2025 20:25:13] Erreur lors de la recherche dans C:\Users\Perso\AppData\Roaming: Access to the path 'C:\Users\Perso\AppData\Roaming\Microsoft\Windows\Start Menu\Programmes' is denied.
[10/06/2025 20:25:13] Recherche dans C:\Users\Perso\Downloads...
[10/06/2025 20:25:13] Recherche dans C:\Users\Perso\Desktop...
[10/06/2025 20:25:13] Cache mis à jour avec succès.
[10/06/2025 20:25:59] Sélection changée : 0
[10/06/2025 20:26:00] Sélection changée : 1
[10/06/2025 20:26:00] Sélection changée : 2
[10/06/2025 20:26:00] Sélection changée : -1
[10/06/2025 20:26:02] Fenêtre masquée.
[10/06/2025 20:26:02] Fenêtre masquée.
[10/06/2025 20:26:02] Fenêtre masquée.
[10/06/2025 20:26:05] Message WM_HOTKEY reçu.
[10/06/2025 20:26:05] Message WM_HOTKEY reçu.
[10/06/2025 20:26:07] Fenêtre masquée.
[10/06/2025 20:26:07] Fenêtre masquée.
[10/06/2025 20:26:15] Fenêtre masquée.
[10/06/2025 20:26:15] Fenêtre masquée.
[10/06/2025 20:27:44] Enregistrement des raccourcis...
[10/06/2025 20:27:44] Raccourcis enregistrés avec succès !
[10/06/2025 20:27:44] Enregistrement des raccourcis...
[10/06/2025 20:27:44] Raccourcis enregistrés avec succès !
[10/06/2025 20:27:44] Début de la mise à jour du cache...
[10/06/2025 20:27:44] Recherche dans C:\Program Files...
[10/06/2025 20:27:44] Erreur lors de la recherche dans C:\Program Files: Access to the path 'C:\Program Files\Fichiers communs' is denied.
[10/06/2025 20:27:44] Recherche dans C:\Program Files (x86)...
[10/06/2025 20:27:44] Début de la mise à jour du cache...
[10/06/2025 20:27:44] Recherche dans C:\Program Files...
[10/06/2025 20:27:44] Erreur lors de la recherche dans C:\Program Files: Access to the path 'C:\Program Files\Fichiers communs' is denied.
[10/06/2025 20:27:44] Recherche dans C:\Program Files (x86)...
[10/06/2025 20:27:45] Fenêtre masquée.
[10/06/2025 20:27:45] Erreur lors de la recherche dans C:\Program Files: Access to the path 'C:\Program Files\Fichiers communs' is denied.
[10/06/2025 20:27:45] Recherche dans C:\Users\Perso\AppData\Local...
[10/06/2025 20:27:45] Erreur lors de la recherche dans C:\Users\Perso\AppData\Local: Access to the path 'C:\Users\Perso\AppData\Local\Application Data' is denied.
[10/06/2025 20:27:45] Recherche dans C:\Users\Perso\AppData\Roaming...
[10/06/2025 20:27:45] Recherche dans C:\Users\Perso\AppData\Local...
[10/06/2025 20:27:45] Erreur lors de la recherche dans C:\Users\Perso\AppData\Local: Access to the path 'C:\Users\Perso\AppData\Local\Application Data' is denied.
[10/06/2025 20:27:45] Recherche dans C:\Users\Perso\AppData\Roaming...
[10/06/2025 20:27:45] Erreur lors de la recherche dans C:\Users\Perso\AppData\Roaming: Access to the path 'C:\Users\Perso\AppData\Roaming\Microsoft\Windows\Start Menu\Programmes' is denied.
[10/06/2025 20:27:45] Recherche dans C:\Users\Perso\Downloads...
[10/06/2025 20:27:45] Erreur lors de la recherche dans C:\Users\Perso\AppData\Roaming: Access to the path 'C:\Users\Perso\AppData\Roaming\Microsoft\Windows\Start Menu\Programmes' is denied.
[10/06/2025 20:27:45] Recherche dans C:\Users\Perso\Downloads...
[10/06/2025 20:27:45] Recherche dans C:\Users\Perso\Desktop...
[10/06/2025 20:27:45] 252 applications trouvées.
[10/06/2025 20:27:45] Recherche dans C:\Users\Perso\Desktop...
[10/06/2025 20:27:45] Cache mis à jour avec succès.
[10/06/2025 20:27:45] Cache mis à jour avec succès.
[10/06/2025 20:27:48] Fenêtre masquée.
[10/06/2025 20:27:48] Fenêtre masquée.
[10/06/2025 20:27:57] Fenêtre masquée.
[10/06/2025 20:27:57] Fenêtre masquée.
[10/06/2025 20:28:48] Enregistrement des raccourcis...
[10/06/2025 20:28:48] Raccourcis enregistrés avec succès !
[10/06/2025 20:28:48] Enregistrement des raccourcis...
[10/06/2025 20:28:48] Raccourcis enregistrés avec succès !
[10/06/2025 20:28:48] Début de la mise à jour du cache...
[10/06/2025 20:28:48] Recherche dans C:\Program Files...
[10/06/2025 20:28:48] Erreur lors de la recherche dans C:\Program Files: Access to the path 'C:\Program Files\Fichiers communs' is denied.
[10/06/2025 20:28:48] Recherche dans C:\Program Files (x86)...
[10/06/2025 20:28:48] Début de la mise à jour du cache...
[10/06/2025 20:28:48] Recherche dans C:\Program Files...
[10/06/2025 20:28:48] Erreur lors de la recherche dans C:\Program Files: Access to the path 'C:\Program Files\Fichiers communs' is denied.
[10/06/2025 20:28:48] Recherche dans C:\Program Files (x86)...
[10/06/2025 20:28:48] Fenêtre masquée.
[10/06/2025 20:28:48] Erreur lors de la recherche dans C:\Program Files: Access to the path 'C:\Program Files\Fichiers communs' is denied.
[10/06/2025 20:28:48] Recherche dans C:\Users\Perso\AppData\Local...
[10/06/2025 20:28:48] Erreur lors de la recherche dans C:\Users\Perso\AppData\Local: Access to the path 'C:\Users\Perso\AppData\Local\Application Data' is denied.
[10/06/2025 20:28:48] Recherche dans C:\Users\Perso\AppData\Roaming...
[10/06/2025 20:28:48] Recherche dans C:\Users\Perso\AppData\Local...
[10/06/2025 20:28:48] Erreur lors de la recherche dans C:\Users\Perso\AppData\Local: Access to the path 'C:\Users\Perso\AppData\Local\Application Data' is denied.
[10/06/2025 20:28:48] Recherche dans C:\Users\Perso\AppData\Roaming...
[10/06/2025 20:28:48] 252 applications trouvées.
[10/06/2025 20:28:48] Erreur lors de la recherche dans C:\Users\Perso\AppData\Roaming: Access to the path 'C:\Users\Perso\AppData\Roaming\Microsoft\Windows\Start Menu\Programmes' is denied.
[10/06/2025 20:28:48] Recherche dans C:\Users\Perso\Downloads...
[10/06/2025 20:28:48] Erreur lors de la recherche dans C:\Users\Perso\AppData\Roaming: Access to the path 'C:\Users\Perso\AppData\Roaming\Microsoft\Windows\Start Menu\Programmes' is denied.
[10/06/2025 20:28:48] Recherche dans C:\Users\Perso\Downloads...
[10/06/2025 20:28:48] Recherche dans C:\Users\Perso\Desktop...
[10/06/2025 20:28:48] Recherche dans C:\Users\Perso\Desktop...
[10/06/2025 20:28:48] Cache mis à jour avec succès.
[10/06/2025 20:28:48] Cache mis à jour avec succès.
[10/06/2025 20:28:51] Fenêtre masquée.
[10/06/2025 20:28:51] Fenêtre masquée.
[10/06/2025 20:28:58] Fenêtre masquée.
[10/06/2025 20:28:58] Fenêtre masquée.
[10/06/2025 20:28:58] Message WM_HOTKEY reçu.
[10/06/2025 20:28:58] Message WM_HOTKEY reçu.
